  Bank System.cpp
C:\Users\Alpasha\source\repos\Bank System\Bank System\clsString.h(40,19): warning C4267: 'return': conversion from 'size_t' to 'short', possible loss of data
  (compiling source file 'Bank%20System.cpp')
  
C:\Users\Alpasha\source\repos\Bank System\Bank System\clsString.h(54,24): warning C4267: '=': conversion from 'size_t' to 'short', possible loss of data
  (compiling source file 'Bank%20System.cpp')
  
C:\Users\Alpasha\source\repos\Bank System\Bank System\clsString.h(207,20): warning C4267: 'return': conversion from 'size_t' to 'short', possible loss of data
  (compiling source file 'Bank%20System.cpp')
  
C:\Users\Alpasha\source\repos\Bank System\Bank System\clsString.h(336,24): warning C4267: '=': conversion from 'size_t' to 'short', possible loss of data
  (compiling source file 'Bank%20System.cpp')
  
C:\Users\Alpasha\source\repos\Bank System\Bank System\clsString.h(381,16): warning C4267: 'initializing': conversion from 'size_t' to 'short', possible loss of data
  (compiling source file 'Bank%20System.cpp')
  
C:\Users\Alpasha\source\repos\Bank System\Bank System\clsString.h(449,13): warning C4267: 'initializing': conversion from 'size_t' to 'short', possible loss of data
  (compiling source file 'Bank%20System.cpp')
  
C:\Users\Alpasha\source\repos\Bank System\Bank System\clsString.h(455,17): warning C4267: '=': conversion from 'size_t' to 'short', possible loss of data
  (compiling source file 'Bank%20System.cpp')
  
C:\Users\Alpasha\source\repos\Bank System\Bank System\clsBankClient.h(31,58): warning C4244: 'argument': conversion from 'double' to 'float', possible loss of data
  (compiling source file 'Bank%20System.cpp')
  
C:\Users\Alpasha\source\repos\Bank System\Bank System\Bank System.cpp(109,56): warning C4244: 'argument': conversion from 'double' to '__int64', possible loss of data
C:\Users\Alpasha\source\repos\Bank System\Bank System\clsBankClient.h(292,1): warning C4715: 'clsBankClient::Save': not all control paths return a value
C:\Users\Alpasha\source\repos\Bank System\Bank System\clsUtil.h(286,1): warning C4715: 'clsUtil::NumberToText': not all control paths return a value
  Bank System.vcxproj -> C:\Users\Alpasha\source\repos\Bank System\x64\Debug\Bank System.exe
